<?xml version="1.0" encoding="UTF-8"?>
<!-- Generated by org.testng.reporters.JUnitReportReporter -->
<testsuite hostname="DESKTOP-N6A5O2E" failures="0" tests="5" name="EComApp.E2ETest" time="6.620" errors="0" timestamp="2024-03-28T19:11:59 CET" skipped="0">
  <testcase classname="EComApp.E2ETest" name="DeleteProduct" time="0.532"/>
  <testcase classname="EComApp.E2ETest" name="GenerateAccessToken" time="3.351"/>
  <testcase classname="EComApp.E2ETest" name="CreateOrder" time="0.627"/>
  <testcase classname="EComApp.E2ETest" name="CreateProduct" time="1.584"/>
  <testcase classname="EComApp.E2ETest" name="GetOrderDetails" time="0.526"/>
</testsuite> <!-- EComApp.E2ETest -->
