<?xml version="1.0" encoding="UTF-8"?>
<testsuite xmlns:xsi="http://www.w3.org/2001/XMLSchema-instance" xsi:noNamespaceSchemaLocation="https://maven.apache.org/surefire/maven-surefire-plugin/xsd/surefire-test-report-3.0.xsd" version="3.0" name="TestSuite" time="16.358" tests="5" errors="0" skipped="0" failures="0">
  <properties>
    <property name="java.specification.version" value="18"/>
    <property name="sun.cpu.isalist" value="amd64"/>
    <property name="sun.jnu.encoding" value="Cp1252"/>
    <property name="java.class.path" value="C:\Users\NirmalDarji\eclipse-workspace\RESTAssuredWithCucumber\target\test-classes;C:\Users\NirmalDarji\eclipse-workspace\RESTAssuredWithCucumber\target\classes;C:\Users\NirmalDarji\.m2\repository\io\rest-assured\rest-assured\5.4.0\rest-assured-5.4.0.jar;C:\Users\NirmalDarji\.m2\repository\org\apache\groovy\groovy\4.0.16\groovy-4.0.16.jar;C:\Users\NirmalDarji\.m2\repository\org\apache\groovy\groovy-xml\4.0.16\groovy-xml-4.0.16.jar;C:\Users\NirmalDarji\.m2\repository\org\apache\httpcomponents\httpclient\4.5.13\httpclient-4.5.13.jar;C:\Users\NirmalDarji\.m2\repository\org\apache\httpcomponents\httpcore\4.4.13\httpcore-4.4.13.jar;C:\Users\NirmalDarji\.m2\repository\commons-logging\commons-logging\1.2\commons-logging-1.2.jar;C:\Users\NirmalDarji\.m2\repository\commons-codec\commons-codec\1.11\commons-codec-1.11.jar;C:\Users\NirmalDarji\.m2\repository\org\apache\httpcomponents\httpmime\4.5.13\httpmime-4.5.13.jar;C:\Users\NirmalDarji\.m2\repository\org\ccil\cowan\tagsoup\tagsoup\1.2.1\tagsoup-1.2.1.jar;C:\Users\NirmalDarji\.m2\repository\io\rest-assured\json-path\5.4.0\json-path-5.4.0.jar;C:\Users\NirmalDarji\.m2\repository\org\apache\groovy\groovy-json\4.0.16\groovy-json-4.0.16.jar;C:\Users\NirmalDarji\.m2\repository\io\rest-assured\rest-assured-common\5.4.0\rest-assured-common-5.4.0.jar;C:\Users\NirmalDarji\.m2\repository\io\rest-assured\xml-path\5.4.0\xml-path-5.4.0.jar;C:\Users\NirmalDarji\.m2\repository\org\testng\testng\7.8.0\testng-7.8.0.jar;C:\Users\NirmalDarji\.m2\repository\org\slf4j\slf4j-api\1.7.36\slf4j-api-1.7.36.jar;C:\Users\NirmalDarji\.m2\repository\com\beust\jcommander\1.82\jcommander-1.82.jar;C:\Users\NirmalDarji\.m2\repository\org\webjars\jquery\3.6.1\jquery-3.6.1.jar;C:\Users\NirmalDarji\.m2\repository\org\hamcrest\hamcrest\2.2\hamcrest-2.2.jar;C:\Users\NirmalDarji\.m2\repository\com\fasterxml\jackson\core\jackson-databind\2.16.1\jackson-databind-2.16.1.jar;C:\Users\NirmalDarji\.m2\repository\com\fasterxml\jackson\core\jackson-annotations\2.16.1\jackson-annotations-2.16.1.jar;C:\Users\NirmalDarji\.m2\repository\com\fasterxml\jackson\core\jackson-core\2.16.1\jackson-core-2.16.1.jar;C:\Users\NirmalDarji\.m2\repository\io\cucumber\cucumber-java\7.15.0\cucumber-java-7.15.0.jar;C:\Users\NirmalDarji\.m2\repository\io\cucumber\cucumber-core\7.15.0\cucumber-core-7.15.0.jar;C:\Users\NirmalDarji\.m2\repository\io\cucumber\cucumber-gherkin\7.15.0\cucumber-gherkin-7.15.0.jar;C:\Users\NirmalDarji\.m2\repository\io\cucumber\cucumber-gherkin-messages\7.15.0\cucumber-gherkin-messages-7.15.0.jar;C:\Users\NirmalDarji\.m2\repository\io\cucumber\messages\22.0.0\messages-22.0.0.jar;C:\Users\NirmalDarji\.m2\repository\io\cucumber\tag-expressions\6.0.0\tag-expressions-6.0.0.jar;C:\Users\NirmalDarji\.m2\repository\io\cucumber\cucumber-expressions\17.0.1\cucumber-expressions-17.0.1.jar;C:\Users\NirmalDarji\.m2\repository\io\cucumber\datatable\7.15.0\datatable-7.15.0.jar;C:\Users\NirmalDarji\.m2\repository\io\cucumber\cucumber-plugin\7.15.0\cucumber-plugin-7.15.0.jar;C:\Users\NirmalDarji\.m2\repository\io\cucumber\docstring\7.15.0\docstring-7.15.0.jar;C:\Users\NirmalDarji\.m2\repository\io\cucumber\html-formatter\20.4.0\html-formatter-20.4.0.jar;C:\Users\NirmalDarji\.m2\repository\io\cucumber\junit-xml-formatter\0.2.0\junit-xml-formatter-0.2.0.jar;C:\Users\NirmalDarji\.m2\repository\io\cucumber\ci-environment\10.0.0\ci-environment-10.0.0.jar;C:\Users\NirmalDarji\.m2\repository\org\apiguardian\apiguardian-api\1.1.2\apiguardian-api-1.1.2.jar;C:\Users\NirmalDarji\.m2\repository\io\cucumber\cucumber-junit\7.15.0\cucumber-junit-7.15.0.jar;C:\Users\NirmalDarji\.m2\repository\junit\junit\4.13.2\junit-4.13.2.jar;C:\Users\NirmalDarji\.m2\repository\org\hamcrest\hamcrest-core\1.3\hamcrest-core-1.3.jar;C:\Users\NirmalDarji\.m2\repository\com\github\javafaker\javafaker\1.0.2\javafaker-1.0.2.jar;C:\Users\NirmalDarji\.m2\repository\org\apache\commons\commons-lang3\3.5\commons-lang3-3.5.jar;C:\Users\NirmalDarji\.m2\repository\org\yaml\snakeyaml\1.23\snakeyaml-1.23-android.jar;C:\Users\NirmalDarji\.m2\repository\com\github\mifmif\generex\1.0.2\generex-1.0.2.jar;C:\Users\NirmalDarji\.m2\repository\dk\brics\automaton\automaton\1.11-8\automaton-1.11-8.jar;C:\Users\NirmalDarji\.m2\repository\io\qameta\allure\allure-cucumber7-jvm\2.25.0\allure-cucumber7-jvm-2.25.0.jar;C:\Users\NirmalDarji\.m2\repository\io\qameta\allure\allure-java-commons\2.25.0\allure-java-commons-2.25.0.jar;C:\Users\NirmalDarji\.m2\repository\io\qameta\allure\allure-model\2.25.0\allure-model-2.25.0.jar;C:\Users\NirmalDarji\.m2\repository\io\cucumber\gherkin\26.2.0\gherkin-26.2.0.jar;"/>
    <property name="java.vm.vendor" value="Oracle Corporation"/>
    <property name="sun.arch.data.model" value="64"/>
    <property name="user.variant" value=""/>
    <property name="java.vendor.url" value="https://java.oracle.com/"/>
    <property name="user.timezone" value="Europe/Budapest"/>
    <property name="os.name" value="Windows 10"/>
    <property name="java.vm.specification.version" value="18"/>
    <property name="sun.java.launcher" value="SUN_STANDARD"/>
    <property name="user.country" value="IN"/>
    <property name="sun.boot.library.path" value="C:\Program Files\Java\jdk-18.0.1\bin"/>
    <property name="sun.java.command" value="C:\Users\NirmalDarji\AppData\Local\Temp\surefire4200772699312252392\surefirebooter-20240328191151809_3.jar C:\Users\NirmalDarji\AppData\Local\Temp\surefire4200772699312252392 2024-03-28T19-11-51_578-jvmRun1 surefire-20240328191151809_1tmp surefire_0-20240328191151809_2tmp"/>
    <property name="jdk.debug" value="release"/>
    <property name="surefire.test.class.path" value="C:\Users\NirmalDarji\eclipse-workspace\RESTAssuredWithCucumber\target\test-classes;C:\Users\NirmalDarji\eclipse-workspace\RESTAssuredWithCucumber\target\classes;C:\Users\NirmalDarji\.m2\repository\io\rest-assured\rest-assured\5.4.0\rest-assured-5.4.0.jar;C:\Users\NirmalDarji\.m2\repository\org\apache\groovy\groovy\4.0.16\groovy-4.0.16.jar;C:\Users\NirmalDarji\.m2\repository\org\apache\groovy\groovy-xml\4.0.16\groovy-xml-4.0.16.jar;C:\Users\NirmalDarji\.m2\repository\org\apache\httpcomponents\httpclient\4.5.13\httpclient-4.5.13.jar;C:\Users\NirmalDarji\.m2\repository\org\apache\httpcomponents\httpcore\4.4.13\httpcore-4.4.13.jar;C:\Users\NirmalDarji\.m2\repository\commons-logging\commons-logging\1.2\commons-logging-1.2.jar;C:\Users\NirmalDarji\.m2\repository\commons-codec\commons-codec\1.11\commons-codec-1.11.jar;C:\Users\NirmalDarji\.m2\repository\org\apache\httpcomponents\httpmime\4.5.13\httpmime-4.5.13.jar;C:\Users\NirmalDarji\.m2\repository\org\ccil\cowan\tagsoup\tagsoup\1.2.1\tagsoup-1.2.1.jar;C:\Users\NirmalDarji\.m2\repository\io\rest-assured\json-path\5.4.0\json-path-5.4.0.jar;C:\Users\NirmalDarji\.m2\repository\org\apache\groovy\groovy-json\4.0.16\groovy-json-4.0.16.jar;C:\Users\NirmalDarji\.m2\repository\io\rest-assured\rest-assured-common\5.4.0\rest-assured-common-5.4.0.jar;C:\Users\NirmalDarji\.m2\repository\io\rest-assured\xml-path\5.4.0\xml-path-5.4.0.jar;C:\Users\NirmalDarji\.m2\repository\org\testng\testng\7.8.0\testng-7.8.0.jar;C:\Users\NirmalDarji\.m2\repository\org\slf4j\slf4j-api\1.7.36\slf4j-api-1.7.36.jar;C:\Users\NirmalDarji\.m2\repository\com\beust\jcommander\1.82\jcommander-1.82.jar;C:\Users\NirmalDarji\.m2\repository\org\webjars\jquery\3.6.1\jquery-3.6.1.jar;C:\Users\NirmalDarji\.m2\repository\org\hamcrest\hamcrest\2.2\hamcrest-2.2.jar;C:\Users\NirmalDarji\.m2\repository\com\fasterxml\jackson\core\jackson-databind\2.16.1\jackson-databind-2.16.1.jar;C:\Users\NirmalDarji\.m2\repository\com\fasterxml\jackson\core\jackson-annotations\2.16.1\jackson-annotations-2.16.1.jar;C:\Users\NirmalDarji\.m2\repository\com\fasterxml\jackson\core\jackson-core\2.16.1\jackson-core-2.16.1.jar;C:\Users\NirmalDarji\.m2\repository\io\cucumber\cucumber-java\7.15.0\cucumber-java-7.15.0.jar;C:\Users\NirmalDarji\.m2\repository\io\cucumber\cucumber-core\7.15.0\cucumber-core-7.15.0.jar;C:\Users\NirmalDarji\.m2\repository\io\cucumber\cucumber-gherkin\7.15.0\cucumber-gherkin-7.15.0.jar;C:\Users\NirmalDarji\.m2\repository\io\cucumber\cucumber-gherkin-messages\7.15.0\cucumber-gherkin-messages-7.15.0.jar;C:\Users\NirmalDarji\.m2\repository\io\cucumber\messages\22.0.0\messages-22.0.0.jar;C:\Users\NirmalDarji\.m2\repository\io\cucumber\tag-expressions\6.0.0\tag-expressions-6.0.0.jar;C:\Users\NirmalDarji\.m2\repository\io\cucumber\cucumber-expressions\17.0.1\cucumber-expressions-17.0.1.jar;C:\Users\NirmalDarji\.m2\repository\io\cucumber\datatable\7.15.0\datatable-7.15.0.jar;C:\Users\NirmalDarji\.m2\repository\io\cucumber\cucumber-plugin\7.15.0\cucumber-plugin-7.15.0.jar;C:\Users\NirmalDarji\.m2\repository\io\cucumber\docstring\7.15.0\docstring-7.15.0.jar;C:\Users\NirmalDarji\.m2\repository\io\cucumber\html-formatter\20.4.0\html-formatter-20.4.0.jar;C:\Users\NirmalDarji\.m2\repository\io\cucumber\junit-xml-formatter\0.2.0\junit-xml-formatter-0.2.0.jar;C:\Users\NirmalDarji\.m2\repository\io\cucumber\ci-environment\10.0.0\ci-environment-10.0.0.jar;C:\Users\NirmalDarji\.m2\repository\org\apiguardian\apiguardian-api\1.1.2\apiguardian-api-1.1.2.jar;C:\Users\NirmalDarji\.m2\repository\io\cucumber\cucumber-junit\7.15.0\cucumber-junit-7.15.0.jar;C:\Users\NirmalDarji\.m2\repository\junit\junit\4.13.2\junit-4.13.2.jar;C:\Users\NirmalDarji\.m2\repository\org\hamcrest\hamcrest-core\1.3\hamcrest-core-1.3.jar;C:\Users\NirmalDarji\.m2\repository\com\github\javafaker\javafaker\1.0.2\javafaker-1.0.2.jar;C:\Users\NirmalDarji\.m2\repository\org\apache\commons\commons-lang3\3.5\commons-lang3-3.5.jar;C:\Users\NirmalDarji\.m2\repository\org\yaml\snakeyaml\1.23\snakeyaml-1.23-android.jar;C:\Users\NirmalDarji\.m2\repository\com\github\mifmif\generex\1.0.2\generex-1.0.2.jar;C:\Users\NirmalDarji\.m2\repository\dk\brics\automaton\automaton\1.11-8\automaton-1.11-8.jar;C:\Users\NirmalDarji\.m2\repository\io\qameta\allure\allure-cucumber7-jvm\2.25.0\allure-cucumber7-jvm-2.25.0.jar;C:\Users\NirmalDarji\.m2\repository\io\qameta\allure\allure-java-commons\2.25.0\allure-java-commons-2.25.0.jar;C:\Users\NirmalDarji\.m2\repository\io\qameta\allure\allure-model\2.25.0\allure-model-2.25.0.jar;C:\Users\NirmalDarji\.m2\repository\io\cucumber\gherkin\26.2.0\gherkin-26.2.0.jar;"/>
    <property name="sun.cpu.endian" value="little"/>
    <property name="user.home" value="C:\Users\NirmalDarji"/>
    <property name="user.language" value="en"/>
    <property name="java.specification.vendor" value="Oracle Corporation"/>
    <property name="java.version.date" value="2022-04-19"/>
    <property name="java.home" value="C:\Program Files\Java\jdk-18.0.1"/>
    <property name="file.separator" value="\"/>
    <property name="basedir" value="C:\Users\NirmalDarji\eclipse-workspace\RESTAssuredWithCucumber"/>
    <property name="java.vm.compressedOopsMode" value="Zero based"/>
    <property name="line.separator" value="&#10;"/>
    <property name="java.vm.specification.vendor" value="Oracle Corporation"/>
    <property name="java.specification.name" value="Java Platform API Specification"/>
    <property name="surefire.real.class.path" value="C:\Users\NirmalDarji\AppData\Local\Temp\surefire4200772699312252392\surefirebooter-20240328191151809_3.jar"/>
    <property name="user.script" value=""/>
    <property name="sun.management.compiler" value="HotSpot 64-Bit Tiered Compilers"/>
    <property name="java.runtime.version" value="18.0.1+10-24"/>
    <property name="user.name" value="NirmalDarji"/>
    <property name="path.separator" value=";"/>
    <property name="os.version" value="10.0"/>
    <property name="java.runtime.name" value="Java(TM) SE Runtime Environment"/>
    <property name="file.encoding" value="UTF-8"/>
    <property name="java.vm.name" value="Java HotSpot(TM) 64-Bit Server VM"/>
    <property name="localRepository" value="C:\Users\NirmalDarji\.m2\repository"/>
    <property name="java.vendor.url.bug" value="https://bugreport.java.com/bugreport/"/>
    <property name="java.io.tmpdir" value="C:\Users\NIRMAL~1\AppData\Local\Temp\"/>
    <property name="java.version" value="18.0.1"/>
    <property name="user.dir" value="C:\Users\NirmalDarji\eclipse-workspace\RESTAssuredWithCucumber"/>
    <property name="os.arch" value="amd64"/>
    <property name="java.vm.specification.name" value="Java Virtual Machine Specification"/>
    <property name="sun.os.patch.level" value=""/>
    <property name="native.encoding" value="Cp1252"/>
    <property name="java.library.path" value="C:\Program Files\Java\jdk-18.0.1\bin;C:\Windows\Sun\Java\bin;C:\Windows\system32;C:\Windows;c:\Users\NirmalDarji\AppData\Local\Programs\cursor\resources\app\bin;C:\Program Files\Common Files\Oracle\Java\javapath;C:\Python310\Scripts\;C:\Python310\;C:\Windows\system32;C:\Windows;C:\Windows\System32\Wbem;C:\Windows\System32\WindowsPowerShell\v1.0\;C:\Windows\System32\OpenSSH\;C:\ProgramData\chocolatey\bin;C:\Program Files\dotnet\;C:\Program Files\Java\jdk-18.0.1\bin;C:\Users\NirmalDarji\AppData\Local\Android\Sdk\platform-tools;C:\Users\NirmalDarji\AppData\Local\Android\Sdk\tools;C:\Users\NirmalDarji\AppData\Local\Android\Sdk\tools\bin;C:\Program Files\Docker\Docker\resources\bin;C:\Program Files\Git\cmd;C:\Users\NirmalDarji\eclipse-workspace\apache-maven-3.9.5\bin;C:\Program Files\MySQL\MySQL Shell 8.0\bin\;C:\Users\NirmalDarji\AppData\Local\Microsoft\WindowsApps;C:\Users\NirmalDarji\AppData\Roaming\npm;C:\Program Files\nodejs\;C:\Program Files\nodejs\node_modules\npm\bin;C:\Program Files\Java\jdk-18.0.1;c:\Users\NirmalDarji\AppData\Local\Programs\cursor\resources\app\bin;C:\Program Files\Microsoft VS Code\bin;C:\Python310\Scripts;C:\Program Files (x86)\dotnet\;C:\strawberry\c\bin;C:\strawberry\perl\bin;C:\Program Files\Maven\apache-maven-3.9.6\bin;C:\Program Files\PowerShell\7\;C:\Users\NirmalDarji\AppData\Local\Programs\Python\Python312\Scripts\;C:\Users\NirmalDarji\AppData\Local\Programs\Python\Python312\;C:\Program Files\MySQL\MySQL Shell 8.0\bin\;C:\Users\NirmalDarji\AppData\Local\Microsoft\WindowsApps;C:\Program Files\nodejs\;C:\Program Files\Java\jdk-18.0.1;C:\Users\NirmalDarji\AppData\Local\Android\Sdk\platform-tools;C:\Users\NirmalDarji\AppData\Roaming\npm;C:\Users\NirmalDarji\AppData\Local\GitHubDesktop\bin;;C:\Program Files\JetBrains\Aqua 233.14475.33\bin;;."/>
    <property name="java.vm.info" value="mixed mode, sharing"/>
    <property name="java.vendor" value="Oracle Corporation"/>
    <property name="java.vm.version" value="18.0.1+10-24"/>
    <property name="sun.io.unicode.encoding" value="UnicodeLittle"/>
    <property name="java.class.version" value="62.0"/>
  </properties>
  <testcase name="GenerateAccessToken" classname="EComApp.E2ETest" time="3.352">
    <system-err><![CDATA[SLF4J: Failed to load class "org.slf4j.impl.StaticLoggerBinder".
SLF4J: Defaulting to no-operation (NOP) logger implementation
SLF4J: See http://www.slf4j.org/codes.html#StaticLoggerBinder for further details.
]]></system-err>
  </testcase>
  <testcase name="CreateProduct" classname="EComApp.E2ETest" time="1.584"/>
  <testcase name="CreateOrder" classname="EComApp.E2ETest" time="0.627"/>
  <testcase name="GetOrderDetails" classname="EComApp.E2ETest" time="0.525"/>
  <testcase name="DeleteProduct" classname="EComApp.E2ETest" time="0.531"/>
</testsuite>